   17  docke
   18   /usr/bin/env /Users/lawtonfong/Library/Java/JavaVirtualMachines/openjdk-19.0.1/Contents/Home/bin/java -XX:+ShowCodeDetailsInExceptionMessages -cp /Users/lawtonfong/Library/Application\ Support/Code/User/workspaceStorage/2d9555eeadb2a0790df293dd25e89130/redhat.java/jdt_ws/DockerLab-HelloWorld-main_aa91845c/bin HelloWorld 
   19  java HelloWorld
   20  javac HelloWorld.java
   21  java HelloWorld
   22  docker build -t helloworld
   23  docker build -t helloworld
   24  docker build -t helloworld .
   25  docker run helloworld
   26  docker images
   27  xmllint --noout --schema buildings.xsd buildings.xml
   28  xmllint --noout --schema buildings.xsd buildings.xml
   29  ng generate component header
   30  ng serve
   31  ng serve header
   32  ng serve localbites
   33  ng serve
   34  ng generate component driverpage
   35  ng generate service services/driver/driver
   36  ng serve
   37  -m pip install -r requirements.txt
   38  python -m pip install -r requirements.txt
   39  python3 -m pip install -r requirements.txt
   40  ls
   41  cd Password-Storage/
   42  ls
   43  python3 -m pip install -r requirements.txt
   44  pip3 install --upgrade pip
   45  python3 run.py
   46  brew --version
   47  pip --version
   48  ls
   49  python3 run.py
   50  node --version
   51  npm install -g @angular/cli
   52  ng --version
   53  npm install -g npm@10.5.2
   54  cd JavaScript
   55  cd
   56  ls
   57  cd documents/localbites
   58  ng serve -o
   59  ng generate component header
   60  cd
   61  ls
   62  ng serve
   63  ng serve
   64  ng serve
   65  ng serve
   66  ng serve
   67  ng new app --no-standalone
   68  ng g c header
   69  ng generate componenet header
   70  ng new my-workspace
   71  git clone --bare https://github.com/CS160-04-Spring2024/DevOpsLab-Java.git
   72  cd DevOpsLab-Java.git
   73  git push --mirror https://github.com/lawtonfong/DevOpsLab-Java.git
   74  cd DevOpsLab-Java.git
   75  cd ..
   76  rm -rf DevOpsLab-Java.git
   77  git add .github/workflows/java.yml NameCheckerTest.java
   78  java -cp devopslab-java-1.0-SNAPSHOT.jar edu.sjsu.Main "O Reilly"
   79  cd documents
   80  ls
   81  cd devopslab-java-1.0-SNAPSHOT.jar
   82  devopslab-java-1.0-SNAPSHOT.jar
   83  java -cp devopslab-java-1.0-SNAPSHOT.jar edu.sjsu.Main "O Reilly"
   84  java -cp devopslab-java-1.0-SNAPSHOT.jar edu.sjsu.Main "O'Reilly"
   85  java -cp devopslab-java-1.0-SNAPSHOT.jar edu.sjsu.Main "OReilly"
   86  ls
   87  cd app
   88  ng serve
   89  git init
   90  ng serve
   91  ng serve
   92  ls
   93  cd app
   94  ng serve
   95  git checkout lawton
   96  git branch
   97  cd https://github.com/CS160-04-Spring2024/Team3--Local-Bites.git
   98  git clone <repository_url>
   99  cd src
  100  cd ..
  101  git checkout lawton
  102  git status
  103  git clone https://github.com/CS160-04-Spring2024/Team3--Local-Bites.git
  104  git branch
  105  git checkout -b lawton
  106  git add .
  107  ng serve
  108  ls
  109  ng serve
  110  ls
  111  cd app
  112  ng serve
  113  git pull
  114  git pull origin main
  115  git
  116  git pull origin main
  117  git init
  118  git
  119  git pull origin main
  120  git pull origin main
  121  git clone https://github.com/ArcticFire45/CS157A-Project.git
  122  git pull origin main
  123  ssh-keygen -t rsa -C lawtonfong@gmail.com
  124  gh auth login
  125  winget
  126  git remote -v
  127  git remote
  128  ls
  129  cd cs157a-project
  130  git status
  131  git pull
  132  git status
  133  git branch
  134  cd ..
  135  git status
  136   /usr/bin/env /Users/lawtonfong/.vscode/extensions/redhat.java-1.30.0-darwin-arm64/jre/17.0.10-macosx-aarch64/bin/java @/var/folders/l_/lyw6x72s0xl8snjtzn4lpbt80000gq/T/cp_5qw1q4ueihe3yvnsqy43tef46.argfile com.example.springboot.Application 
  137   cd /Users/lawtonfong/Desktop/Scum\ Memories/SJSU/Sjsu\ Spring\ 2024/CS157a/CS157A-Project-main/CS157A-Project ; /usr/bin/env /Users/lawtonfong/.vscode/extensions/redhat.java-1.30.0-darwin-arm64/jre/17.0.10-macosx-aarch64/bin/java @/var/folders/l_/lyw6x72s0xl8snjtzn4lpbt80000gq/T/cp_5qw1q4ueihe3yvnsqy43tef46.argfile com.example.springboot.Application 
  138  git pull
  139  git pull origin main
  140  git pull origin main
  141  git add .
  142  git commit -m "Test for lawton's connection"
  143  git checkout -b posts-connection-and-routes
  144  git commit -m "Test for lawton's connection"
  145  git branch
  146  git push origin posts-connection-and-routes
  147   /usr/bin/env /Users/lawtonfong/.vscode/extensions/redhat.java-1.30.0-darwin-arm64/jre/17.0.10-macosx-aarch64/bin/java @/var/folders/l_/lyw6x72s0xl8snjtzn4lpbt80000gq/T/cp_5qw1q4ueihe3yvnsqy43tef46.argfile com.example.springboot.Application 
  148   /usr/bin/env /Users/lawtonfong/.vscode/extensions/redhat.java-1.30.0-darwin-arm64/jre/17.0.10-macosx-aarch64/bin/java @/var/folders/l_/lyw6x72s0xl8snjtzn4lpbt80000gq/T/cp_5qw1q4ueihe3yvnsqy43tef46.argfile com.example.springboot.Application 
  149   cd /Users/lawtonfong/Desktop/Scum\ Memories/SJSU/Sjsu\ Spring\ 2024/CS157a/CS157A-Project-main/CS157A-Project ; /usr/bin/env /Users/lawtonfong/.vscode/extensions/redhat.java-1.30.0-darwin-arm64/jre/17.0.10-macosx-aarch64/bin/java @/var/folders/l_/lyw6x72s0xl8snjtzn4lpbt80000gq/T/cp_5qw1q4ueihe3yvnsqy43tef46.argfile com.example.springboot.Application 
  150   cd /Users/lawtonfong/Desktop/Scum\ Memories/SJSU/Sjsu\ Spring\ 2024/CS157a/CS157A-Project-main/CS157A-Project ; /usr/bin/env /Users/lawtonfong/.vscode/extensions/redhat.java-1.30.0-darwin-arm64/jre/17.0.10-macosx-aarch64/bin/java @/var/folders/l_/lyw6x72s0xl8snjtzn4lpbt80000gq/T/cp_5qw1q4ueihe3yvnsqy43tef46.argfile com.example.springboot.Application 
  151   cd /Users/lawtonfong/Desktop/Scum\ Memories/SJSU/Sjsu\ Spring\ 2024/CS157a/CS157A-Project-main/CS157A-Project ; /usr/bin/env /Users/lawtonfong/.vscode/extensions/redhat.java-1.30.0-darwin-arm64/jre/17.0.10-macosx-aarch64/bin/java @/var/folders/l_/lyw6x72s0xl8snjtzn4lpbt80000gq/T/cp_5qw1q4ueihe3yvnsqy43tef46.argfile com.example.springboot.Application 
  152  git add .
  153  git branch
  154  git status
  155  git add .
  156  git commit -m "Created Posts route"
  157  git push origin main
  158  git pull origin main
  159  git push posts-connections-and-routes
  160  git status
  161  git add .
  162  git commit -m "created posts route"
  163  git push origin posts-connection-and-routes
  164  git pull
  165  git pull
  166   cd /Users/lawtonfong/Desktop/Scum\ Memories/SJSU/Sjsu\ Spring\ 2024/CS157a/CS157A-Project-main/CS157A-Project ; /usr/bin/env /Users/lawtonfong/.vscode/extensions/redhat.java-1.30.0-darwin-arm64/jre/17.0.10-macosx-aarch64/bin/java @/var/folders/l_/lyw6x72s0xl8snjtzn4lpbt80000gq/T/cp_5qw1q4ueihe3yvnsqy43tef46.argfile com.example.springboot.Application 
  167  cd pokemonfrontend
  168  npm i
  169  npm start
  170  git status
  171  git branch
  172  git branch posts-connection-and-routes
  173  ls
  174  git status
  175  git add .
  176  git commit -m "made revisions for Posts(now called UserPosts) and postServiceImplementation(now UserPostsServiceImplementation)"
  177  git push origin posts-connection-and-routes
  178  git branch
  179  ls
  180  git status
  181  git status
  182  git add .
  183  git commit -m "fixed userposts and userpostserviceimplementation
  184  "
  185  git push origin posts-connection-and-routes
  186  ls
  187  git pull
  188  git pull
  189  git status
  190  git fetch origin
  191  git rebase origin/main
  192  git status
  193  git rebase --skip
  194  ng serve
  195   /usr/bin/env /Users/lawtonfong/.vscode/extensions/redhat.java-1.30.0-darwin-arm64/jre/17.0.10-macosx-aarch64/bin/java @/var/folders/l_/lyw6x72s0xl8snjtzn4lpbt80000gq/T/cp_5qw1q4ueihe3yvnsqy43tef46.argfile com.example.springboot.Application 
  196  python3 
  197  git branch
  198  git status
  199  git add .
  200  git commit -m "added Salespost and salespostimplementation"
  201  git push origin posts-connection-and-routes
  202  git pull
  203  git push
  204  git push origin posts-connection-and-routes
  205  git pull origin post-connection-and-routes
  206  git status
  207  git push origin post-connection-and-routes
  208  git status
  209  git push origin posts-connectgit pull origin post-connection-and-routes
  210  git pull origin post-connection-and-routes
  211  git pull origin posts-connection-and-routes
  212  git pull
  213  git pull
  214  git status
  215  git status
  216  git pull
  217  git add .
  218  git status
  219  git add .
  220  git commit -m "created SalesPost routes"
  221  git push posts-connection-and-routes
  222  git push posts-connection-and-routes
  223  git status
  224  git branch
  225  ls
  226  git push posts-connection-and-routes
  227  git push origin post-connection-and-routes
  228  git remove -v
  229  git remote -v
  230  git push origin post-connection-and-routes
  231  git push origin posts-connection-and-routes
  232  git pull origin posts-connection-and-routes
  233  git push origin posts-connection-and-routes
  234  git pull origin main
  235  git config pull.rebase false
  236  git pull origin main
  237  git add .
  238  git pull main
  239  git pull origin main
  240  git status
  241  git add .
  242  git commit -m "created salespost and salespostserviceimplementation"
  243  git push origin posts-connection-and-routes
  244  git git push posts-connection-and-routes
  245  git push posts-connection-and-routes
  246  git branch posts-connection-and-routes
  247  git status
  248  git pull origin posts-connection-and-routes
  249  git pull origin main
  250  git pull origin main
  251  git pull origin main
  252  git log
  253  git status
  254  git status
  255  git add .
  256  git commit -m "created salespost and salespostserviceimplementation"
  257  git push origin posts-connection-and-routes
  258  ls
  259  cd pokemonfrontend
  260  npm start
  261  npm i
  262  npm start
  263  ls
  264  cd
  265  ls
  266   /usr/bin/env /Users/lawtonfong/.vscode/extensions/redhat.java-1.30.0-darwin-arm64/jre/17.0.10-macosx-aarch64/bin/java @/var/folders/l_/lyw6x72s0xl8snjtzn4lpbt80000gq/T/cp_5qw1q4ueihe3yvnsqy43tef46.argfile com.example.springboot.Application 
  267  git pull origin main
  268  git status
  269  git pull main
  270  git pull origin main
  271  git add . 
  272  git pull origin main
  273  git pull origin main
  274  git status
  275  git checkout main
  276  git branch
  277   cd /Users/lawtonfong/Desktop/Scum\ Memories/SJSU/Sjsu\ Spring\ 2024/CS157a/CS157A-Project-main/CS157A-Project ; /usr/bin/env /Users/lawtonfong/.vscode/extensions/redhat.java-1.30.0-darwin-arm64/jre/17.0.10-macosx-aarch64/bin/java @/var/folders/l_/lyw6x72s0xl8snjtzn4lpbt80000gq/T/cp_5qw1q4ueihe3yvnsqy43tef46.argfile com.example.springboot.Application 
  278   cd /Users/lawtonfong/Desktop/Scum\ Memories/SJSU/Sjsu\ Spring\ 2024/CS157a/CS157A-Project-main/CS157A-Project ; /usr/bin/env /Users/lawtonfong/.vscode/extensions/redhat.java-1.30.0-darwin-arm64/jre/17.0.10-macosx-aarch64/bin/java @/var/folders/l_/lyw6x72s0xl8snjtzn4lpbt80000gq/T/cp_5qw1q4ueihe3yvnsqy43tef46.argfile com.example.springboot.Application 
  279   cd /Users/lawtonfong/Desktop/Scum\ Memories/SJSU/Sjsu\ Spring\ 2024/CS157a/CS157A-Project-main/CS157A-Project ; /usr/bin/env /Users/lawtonfong/.vscode/extensions/redhat.java-1.30.0-darwin-arm64/jre/17.0.10-macosx-aarch64/bin/java @/var/folders/l_/lyw6x72s0xl8snjtzn4lpbt80000gq/T/cp_5qw1q4ueihe3yvnsqy43tef46.argfile com.example.springboot.Application 
  280  ls
  281  git pull main 
  282  git pull origin main
  283  git pull origin main 
  284  git pull origin main
  285  ls
  286  git branch -a
  287  git status
  288  git add .
  289  git commit -m "created insertsaleitem route" 
  290  git branch a
  291  git branch -a
  292  git checkout -b new-posts-connection-and-routes
  293  git add .
  294  git commit -m "created insertsales route"
  295  git push origin new-posts-connection-and-routes
  296  ls
  297  cd pokemonfrontend
  298  npm i
  299  npm start
  300  npm 1
  301  npm i
  302  npm start
  303  cd pokemonfrontend
  304  npm start
  305  cd
  306  ls
  307  cd CS157A-Project 
  308  git pull origin main 
  309  cd pokemonfrontend
  310  npm i
  311  npm start
  312  python3 run.py
  313  ls
  314  cd Password-Storage/
  315  python3 run.py
  316  ls
  317  python -m pip install -r requirements.txt
  318  python3 -m pip install -r requirements.txt
  319  python3 run.py
  320  git pull
  321  from app.forms import RegistrationForm, LoginForm, PasswordForm, AddPassword
  322  python3 run.py
  323  python3 -m pip install -r requirements.txt
  324   python3 -m pip install -r requirements.txt
  325  python3 run.py 
  326  git pull
  327  python3 run.py 
  328  python3 run.py
  329  git pull origin main
  330  python3 run.py
  331   /usr/bin/env /Users/lawtonfong/.vscode/extensions/redhat.java-1.30.0-darwin-arm64/jre/17.0.10-macosx-aarch64/bin/java @/var/folders/l_/lyw6x72s0xl8snjtzn4lpbt80000gq/T/cp_5qw1q4ueihe3yvnsqy43tef46.argfile com.example.springboot.Application 
  332   cd /Users/lawtonfong/Desktop/Scum\ Memories/SJSU/Sjsu\ Spring\ 2024/CS157a/CS157A-Project-main/CS157A-Project ; /usr/bin/env /Users/lawtonfong/.vscode/extensions/redhat.java-1.30.0-darwin-arm64/jre/17.0.10-macosx-aarch64/bin/java @/var/folders/l_/lyw6x72s0xl8snjtzn4lpbt80000gq/T/cp_5qw1q4ueihe3yvnsqy43tef46.argfile com.example.springboot.Application 
  333  cd pokemonfrontend
  334  npm i
  335  npm start
  336  npm start
  337  npm i
  338  npm adit fix --force
  339  npm audit
  340   cd /Users/lawtonfong/Desktop/Scum\ Memories/SJSU/Sjsu\ Spring\ 2024/CS157a/CS157A-Project-main/CS157A-Project ; /usr/bin/env /Users/lawtonfong/.vscode/extensions/redhat.java-1.30.0-darwin-arm64/jre/17.0.10-macosx-aarch64/bin/java @/var/folders/l_/lyw6x72s0xl8snjtzn4lpbt80000gq/T/cp_5qw1q4ueihe3yvnsqy43tef46.argfile com.example.springboot.Application 
  341  git pull main
  342  ls
  343  git pull origin main 
  344   cd /Users/lawtonfong/Desktop/Scum\ Memories/SJSU/Sjsu\ Spring\ 2024/CS157a/CS157A-Project-main/CS157A-Project ; /usr/bin/env /Users/lawtonfong/.vscode/extensions/redhat.java-1.30.0-darwin-arm64/jre/17.0.10-macosx-aarch64/bin/java @/var/folders/l_/lyw6x72s0xl8snjtzn4lpbt80000gq/T/cp_5qw1q4ueihe3yvnsqy43tef46.argfile com.example.springboot.Application 
  345  git pull origin main
  346  git add .
  347  git status
  348  git commit -m "adding stuff"
  349  git pull origin main
  350  git push origin new-posts-connection-and-routes
  351  git pull origin main 
  352  git pull origin main
  353  cd pokemonfrontend
  354  npm i
  355  npm start
  356  ls
  357  ng serve
  358  git clone https://github.com/peterguilhametjr/CS160Proj.git
  359  git clone https://github.com/WeCracked/WeCrackedFrontend.git
  360  cd WeCrackedFrontend
  361  npm i
  362  npm run dev
  363  git pull Revamping-the-backside
  364  npm install i
  365  npm i
  366  git clone https://github.com/ArcticFire45/CS157A-Project.git
  367  git status
  368  cd CS157A-Project.git
  369  git checkout
  370  git checkout Jerry/Revamping-backside
  371  git checkout Jerry/Revamping-backside
  372  git branch -a
  373  git branch -a
  374  git branch -a
  375  git branch -a
  376  git status
  377  git clone https://github.com/WeCracked/WeCrackedFrontend.git
  378  npm serve
  379  git status
  380  ls
  381  cd WeCrackedFrontend
  382  git branch -a
  383  git status
  384  git pull 
  385  npm serve
  386  npm start
  387  next build
  388  npm next build
  389  npm run build
  390  npm install
  391  npm run build
  392  npm start
  393  npm start
  394  npm install @sendgrid/mail
  395  npm install @resend/node
  396  npm install
  397  npm install resend
  398  npm run email
  399  npm run email
  400  npm install react-email @react-email/components -E
  401  npm run email
  402  npm run email
  403  npm run email
  404  npm run email
  405  npm run email
  406  printenv > "/var/folders/l_/lyw6x72s0xl8snjtzn4lpbt80000gq/T/tmp-90347pzaVqM301HGX.txt"
  407  /opt/anaconda3/bin/jupyter_mac.command ; exit;
  408  /opt/anaconda3/bin/jupyter_mac.command ; exit;
  409  /opt/anaconda3/bin/jupyter_mac.command ; exit;
  410  conda install ipykernel
  411  conda install -c numba numba
  412  conda install -c conda-forge librosa
  413  pip install tensorflow
  414  pip install xgboost
  415  pip install ada-boost
  416  mkdir testdir
  417  echo "$SHELL"
  418  ssh
  419  ssh lfongfa24@172.20.25.9
  420  ssh username@172.20.25.9
  421  ssh username@172.20.25.9
  422  ssh lfongfa24@172.20.25.9
  423  git clone https://github.com/lawtonfong/a1-collab-lawtonfong.git
  424  cd
  425  ls
  426  git status
  427  cd a1-collab-lawtonfong
  428  git branch lawtonfong-colab
  429  git branch 
  430  git checkout lawtonfong-colab
  431  git checkout main
  432  git branch
  433  git status
  434  git branch
  435  git checkout main
  436  git checkout lawtonfong-colab
  437  git branch
  438  git status
  439  git status
  440  git push --set-upstream origin lawtonfong-collab
  441  git pull origin main
  442  git checkout main
  443  git push --set-upstream origin lawtonfong-colab
  444  git pull origin main
  445  git checkout main
  446  git merge lawtonfong-colab
  447  git status
  448  git commit -a
  449  cd
  450  ls
  451  cd a1-collab-lawtonfong
  452  git branch
  453  git checkout lawtonfong-colab
  454  git branch
  455  git status
  456  git pull origin main 
  457  git checkout main
  458  git merge lawtonfong-colab
  459  git add Collaborators.md
  460  git commit -m "lawtonfong added to collaborators"
  461  git push
  462  ssh
  463  ssh lfongfa24@172.20.25.9
  464  ssh lfongfa24@172.20.25.9
  465  ssh lfongfa24@172.20.25.9
  466  https://vpnisv.isv.ihost.com
  467  ssh sjsustudent19@172.20.25.9
  468  https://vpnisv.isv.ihost.com
  469  passwd
  470  /var/folders/l_/lyw6x72s0xl8snjtzn4lpbt80000gq/T/orbstack-open-terminal_90F06710.sh ; exit;
  471  /var/folders/l_/lyw6x72s0xl8snjtzn4lpbt80000gq/T/orbstack-open-terminal_FDB60904.sh ; exit;
  472  git clone https://github.com/lawtonfong/xv6-labs.git
  473  printenv > "/var/folders/l_/lyw6x72s0xl8snjtzn4lpbt80000gq/T/tmp-64079ZAwvKgx7ZMF1.txt"
  474  printenv > "/var/folders/l_/lyw6x72s0xl8snjtzn4lpbt80000gq/T/tmp-64680QQsCN5H0NlWA.txt"
  475  ssh lfongfa24@172.20.25.9
  476  git clone https://github.com/CS131-BigDataProcessing/a1-collab-lawtonfong.git
  477  cd
  478  ls
  479  cd a1-collab-lawtonfong
  480  git branch
  481  git checkout main
  482  git checkout lawtonfong-colab
  483  git status
  484  git pull origin main
  485  git checkout main
  486  git status
  487  git pull origin main
  488  git checkout main
  489  git merge lawtonfong-colab
  490  git add Collaborators.md
  491  git commit -m "lawtonfong added to collaborators"
  492  git push 
  493  git push
  494  git merge lawtonfong-colab
  495  git add Collaborators.md
  496  git commit -m "lawtonfong added to collaborators"
  497  git push
  498  git checkout -b lawtonfong-lawtonfong-colab main
  499  git pull https://github.com/lawtonfong/a1-collab-lawtonfong.git lawtonfong-colab
  500  git pull --no-rebase https://github.com/lawtonfong/a1-collab-lawtonfong.git lawtonfong-colab
  501  git clone https://github.com/CS131-BigDataProcessing/CS131_fa24_datafiles
  502  ls
  503  cd CS131_fa24_datafiles
  504  ls
  505  cd Lec02
  506  ls
  507  cd goodluck.txt
  508  grep -o '\bwor\w*' goodluck.txt
  509  grep -o '\w*dred\w*' goodluck.txt
  510  grep "Good luck, babe" goodluck.txt
  511  grep "Good luck, babe" goodluck.txt | wc -l  # Line count
  512  grep "Good luck, babe" goodluck.txt | wc -w  # Word count
  513  grep "Good luck, babe" goodluck.txt | wc -l > fong-l_a2_counts.txt
  514  grep "Good luck, babe" goodluck.txt | wc -w >> fong-l_a2_counts.txt
  515  vi fong-l_a2_counts.txt
  516  history > fong-l_a2_cmds.log
